2026-02-06 01:24:34,994 - INFO - Starting full email classification pipeline
2026-02-06 01:24:34,994 - INFO - Step 1: Data selection
2026-02-06 01:24:35,028 - INFO - Loaded data: (122, 18)
2026-02-06 01:24:35,029 - INFO - Step 3: Text cleaning
2026-02-06 01:24:35,029 - INFO - Starting data preprocessing...
2026-02-06 01:24:35,029 - INFO - Cleaning column: Ticket Summary
2026-02-06 01:24:35,032 - INFO - Cleaning column: Interaction content
2026-02-06 01:24:35,112 - INFO - Removed 4 rows with empty texts
2026-02-06 01:24:35,113 - INFO - Preprocessing completed. Data shape: (118, 20)
2026-02-06 01:24:35,115 - INFO - Step 4: Data structuring
2026-02-06 01:24:35,116 - INFO - Encoded y2: 3 classes
2026-02-06 01:24:35,116 - INFO - Encoded y1: 1 classes
2026-02-06 01:24:35,116 - INFO - Step 5: Text vectorization
2026-02-06 01:24:35,118 - INFO - Created TF-IDF vectorizer: max_features=10000, ngram_range=(1, 2)
2026-02-06 01:24:35,126 - INFO - Vectorized 118 texts, shape: (118, 102)
2026-02-06 01:24:35,127 - INFO - Created TF-IDF vectorizer: max_features=10000, ngram_range=(1, 2)
2026-02-06 01:24:35,202 - INFO - Vectorized 118 texts, shape: (118, 4646)
2026-02-06 01:24:35,206 - INFO - Combined 2 feature representations, result shape: (118, 4748)
2026-02-06 01:24:35,206 - INFO - Vectorized features: shape (118, 4748)
2026-02-06 01:24:35,206 - INFO - Step 6: Data balancing
2026-02-06 01:24:35,211 - INFO - Imbalance analysis: ratio=3.78, classes=3
2026-02-06 01:24:35,211 - INFO - Imbalance analysis: ratio=3.78
2026-02-06 01:24:35,213 - INFO - Imbalance analysis: ratio=3.78, classes=3
2026-02-06 01:24:35,223 - INFO - Random oversampling: 118 -> 204 samples
2026-02-06 01:24:35,223 - INFO - Data balanced: 118 -> 204
2026-02-06 01:24:35,223 - INFO - Step 7: Learning strategy analysis
2026-02-06 01:24:35,244 - INFO - Recommended strategy: supervised
2026-02-06 01:24:35,244 - INFO - Step 8: Splitting data into training and test sets
2026-02-06 01:24:35,250 - INFO - Basic split: 163 training, 41 test
2026-02-06 01:24:35,250 - INFO - Data split: 163 training, 41 test
2026-02-06 01:24:35,253 - INFO - Step 9: Model training and evaluation
2026-02-06 01:24:35,506 - INFO - Model random_forest trained successfully. Time: 0.17s, Accuracy: 1.0000
2026-02-06 01:24:35,666 - INFO - Model logistic_regression trained successfully. Time: 0.15s, Accuracy: 0.9755
2026-02-06 01:24:35,682 - INFO - Model naive_bayes trained successfully. Time: 0.00s, Accuracy: 0.8834
2026-02-06 01:24:35,726 - INFO - Model evaluation random_forest: accuracy=0.9756, f1=0.9756
2026-02-06 01:24:35,738 - INFO - Model evaluation logistic_regression: accuracy=0.9512, f1=0.9512
2026-02-06 01:24:35,749 - INFO - Model evaluation naive_bayes: accuracy=0.8780, f1=0.8713
2026-02-06 01:24:35,755 - INFO - Best model: random_forest (score: 0.9756)
2026-02-06 01:24:35,755 - INFO - Pipeline completed successfully in 0.76 seconds
2026-02-06 01:26:51,860 - INFO - Starting full email classification pipeline
2026-02-06 01:26:51,860 - INFO - Step 1: Data selection
2026-02-06 01:26:51,872 - INFO - Loaded data: (122, 18)
2026-02-06 01:26:51,872 - INFO - Step 3: Text cleaning
2026-02-06 01:26:51,872 - INFO - Starting data preprocessing...
2026-02-06 01:26:51,872 - INFO - Cleaning column: Ticket Summary
2026-02-06 01:26:51,874 - INFO - Cleaning column: Interaction content
2026-02-06 01:26:51,948 - INFO - Removed 4 rows with empty texts
2026-02-06 01:26:51,948 - INFO - Preprocessing completed. Data shape: (118, 20)
2026-02-06 01:26:51,948 - INFO - Step 4: Data structuring
2026-02-06 01:26:51,950 - INFO - Encoded y2: 3 classes
2026-02-06 01:26:51,950 - INFO - Encoded y1: 1 classes
2026-02-06 01:26:51,950 - INFO - Step 5: Text vectorization
2026-02-06 01:26:51,950 - INFO - Created TF-IDF vectorizer: max_features=10000, ngram_range=(1, 2)
2026-02-06 01:26:51,952 - INFO - Vectorized 118 texts, shape: (118, 102)
2026-02-06 01:26:51,952 - INFO - Created TF-IDF vectorizer: max_features=10000, ngram_range=(1, 2)
2026-02-06 01:26:51,981 - INFO - Vectorized 118 texts, shape: (118, 4646)
2026-02-06 01:26:51,985 - INFO - Combined 2 feature representations, result shape: (118, 4748)
2026-02-06 01:26:51,985 - INFO - Vectorized features: shape (118, 4748)
2026-02-06 01:26:51,985 - INFO - Step 6: Data balancing
2026-02-06 01:26:51,987 - INFO - Imbalance analysis: ratio=3.78, classes=3
2026-02-06 01:26:51,987 - INFO - Imbalance analysis: ratio=3.78
2026-02-06 01:26:51,988 - INFO - Imbalance analysis: ratio=3.78, classes=3
2026-02-06 01:26:51,993 - INFO - Random oversampling: 118 -> 204 samples
2026-02-06 01:26:51,993 - INFO - Data balanced: 118 -> 204
2026-02-06 01:26:51,994 - INFO - Step 7: Learning strategy analysis
2026-02-06 01:26:52,010 - INFO - Label balance score: 1.000
2026-02-06 01:26:52,010 - INFO - Supervised feasibility score: 0.800
2026-02-06 01:26:52,010 - INFO - Recommendation: supervised
2026-02-06 01:26:52,010 - INFO - Recommended strategy: supervised
2026-02-06 01:26:52,010 - INFO - Step 8: Splitting data into training and test sets
2026-02-06 01:26:52,015 - INFO - Basic split: 163 training, 41 test
2026-02-06 01:26:52,015 - INFO - Data split: 163 training, 41 test
2026-02-06 01:26:52,015 - INFO - Step 9: Model training and evaluation
2026-02-06 01:26:52,214 - INFO - Model random_forest trained successfully. Time: 0.16s, Accuracy: 1.0000
2026-02-06 01:26:52,283 - INFO - Model logistic_regression trained successfully. Time: 0.06s, Accuracy: 0.9755
2026-02-06 01:26:52,296 - INFO - Model naive_bayes trained successfully. Time: 0.00s, Accuracy: 0.8834
2026-02-06 01:26:52,338 - INFO - Model evaluation random_forest: accuracy=0.9756, f1=0.9756
2026-02-06 01:26:52,347 - INFO - Model evaluation logistic_regression: accuracy=0.9512, f1=0.9512
2026-02-06 01:26:52,356 - INFO - Model evaluation naive_bayes: accuracy=0.8780, f1=0.8713
2026-02-06 01:26:52,357 - INFO - Best model: random_forest (score: 0.9756)
2026-02-06 01:26:52,357 - INFO - Pipeline completed successfully in 0.50 seconds
